<?xml version="1.0" encoding="UTF-8"?>
<!-- Generated by org.testng.reporters.JUnitReportReporter -->
<testsuite hostname="Akil" name="testcases.TC003_CreateLead" tests="4" failures="0" timestamp="27 Aug 2017 04:18:56 GMT" time="169.526" errors="0">
  <testcase name="loginLogOut" time="31.104" classname="testcases.TC003_CreateLead"/>
  <testcase name="loginLogOut" time="43.515" classname="testcases.TC003_CreateLead"/>
  <testcase name="loginLogOut" time="32.445" classname="testcases.TC003_CreateLead"/>
  <testcase name="loginLogOut" time="62.462" classname="testcases.TC003_CreateLead"/>
</testsuite> <!-- testcases.TC003_CreateLead -->
